<?xml version="1.0" encoding="UTF-8"?>
<!-- Generated by org.testng.reporters.JUnitXMLReporter -->
<testsuite ignored="0" hostname="srijan-kumar-khan-Lenovo-G780" failures="0" tests="3" name="Submit Order Test" time="29.158" errors="0" timestamp="2024-10-28T09:04:17 IST">
  <testcase classname="com.SeleniumFrameworkDesign.tests.SubmitOrderTest" name="submitOrder" time="10.012"/>
  <testcase classname="com.SeleniumFrameworkDesign.tests.SubmitOrderTest" name="submitOrder" time="9.768"/>
  <testcase classname="com.SeleniumFrameworkDesign.tests.SubmitOrderTest" name="OrderHistoryTest" time="1.03"/>
</testsuite> <!-- Submit Order Test -->
