<?xml version="1.0" encoding="UTF-8"?>
<testng-results ignored="0" total="1" passed="1" failed="0" skipped="0">
  <reporter-output>
  </reporter-output>
  <suite started-at="2024-10-28T10:34:47 IST" name="Surefire suite" finished-at="2024-10-28T10:34:55 IST" duration-ms="8029">
    <groups>
      <group name="cucumber">
        <method signature="AbstractTestNGCucumberTests.runScenario(io.cucumber.testng.PickleWrapper,io.cucumber.testng.FeatureWrapper)[pri:0, instance:com.cucumbertests.TestNGTestRunner@1198b989]" name="runScenario" class="io.cucumber.testng.AbstractTestNGCucumberTests"/>
      </group> <!-- cucumber -->
    </groups>
    <test started-at="2024-10-28T10:34:47 IST" name="Surefire test" finished-at="2024-10-28T10:34:55 IST" duration-ms="8029">
      <class name="com.cucumbertests.TestNGTestRunner">
        <test-method is-config="true" signature="setUpClass(org.testng.ITestContext)[pri:0, instance:com.cucumbertests.TestNGTestRunner@1198b989]" started-at="2024-10-28T10:34:47 IST" name="setUpClass" finished-at="2024-10-28T10:34:48 IST" duration-ms="695" status="PASS">
          <params>
            <param index="0">
              <value>
                <![CDATA[org.testng.TestRunner@1639f93a]]>
              </value>
            </param>
          </params>
          <reporter-output>
          </reporter-output>
        </test-method> <!-- setUpClass -->
        <test-method signature="runScenario(io.cucumber.testng.PickleWrapper,io.cucumber.testng.FeatureWrapper)[pri:0, instance:com.cucumbertests.TestNGTestRunner@1198b989]" started-at="2024-10-28T10:34:48 IST" name="runScenario" description="Runs Cucumber Scenarios" data-provider="scenarios" finished-at="2024-10-28T10:34:55 IST" duration-ms="7243" status="PASS">
          <params>
            <param index="0">
              <value>
                <![CDATA["Positive Test of Submititng the order"]]>
              </value>
            </param>
            <param index="1">
              <value>
                <![CDATA["Purchase the order from Ecommerce website"]]>
              </value>
            </param>
          </params>
          <reporter-output>
          </reporter-output>
        </test-method> <!-- runScenario -->
        <test-method is-config="true" signature="tearDownClass()[pri:0, instance:com.cucumbertests.TestNGTestRunner@1198b989]" started-at="2024-10-28T10:34:55 IST" name="tearDownClass" finished-at="2024-10-28T10:34:55 IST" duration-ms="35" status="PASS">
          <reporter-output>
          </reporter-output>
        </test-method> <!-- tearDownClass -->
      </class> <!-- com.cucumbertests.TestNGTestRunner -->
    </test> <!-- Surefire test -->
  </suite> <!-- Surefire suite -->
</testng-results>
