<?xml version="1.0" encoding="UTF-8"?>
<testng-results ignored="0" total="1" passed="1" failed="0" skipped="0">
  <reporter-output>
  </reporter-output>
  <suite started-at="2024-10-28T10:28:09 IST" name="Default suite" finished-at="2024-10-28T10:28:23 IST" duration-ms="14388">
    <groups>
      <group name="cucumber">
        <method signature="AbstractTestNGCucumberTests.runScenario(io.cucumber.testng.PickleWrapper,io.cucumber.testng.FeatureWrapper)[pri:0, instance:com.cucumbertests.TestNGTestRunner@247310d0]" name="runScenario" class="io.cucumber.testng.AbstractTestNGCucumberTests"/>
      </group> <!-- cucumber -->
    </groups>
    <test started-at="2024-10-28T10:28:09 IST" name="Default test" finished-at="2024-10-28T10:28:23 IST" duration-ms="14388">
      <class name="com.cucumbertests.TestNGTestRunner">
        <test-method is-config="true" signature="setUpClass(org.testng.ITestContext)[pri:0, instance:com.cucumbertests.TestNGTestRunner@247310d0]" started-at="2024-10-28T10:28:09 IST" name="setUpClass" finished-at="2024-10-28T10:28:10 IST" duration-ms="649" status="PASS">
          <params>
            <param index="0">
              <value>
                <![CDATA[org.testng.TestRunner@100c8b75]]>
              </value>
            </param>
          </params>
          <reporter-output>
          </reporter-output>
        </test-method> <!-- setUpClass -->
        <test-method signature="runScenario(io.cucumber.testng.PickleWrapper,io.cucumber.testng.FeatureWrapper)[pri:0, instance:com.cucumbertests.TestNGTestRunner@247310d0]" started-at="2024-10-28T10:28:10 IST" name="runScenario" description="Runs Cucumber Scenarios" data-provider="scenarios" finished-at="2024-10-28T10:28:23 IST" duration-ms="13647" status="PASS">
          <params>
            <param index="0">
              <value>
                <![CDATA["Positive Test of Submititng the order"]]>
              </value>
            </param>
            <param index="1">
              <value>
                <![CDATA["Purchase the order from Ecommerce website"]]>
              </value>
            </param>
          </params>
          <reporter-output>
          </reporter-output>
        </test-method> <!-- runScenario -->
        <test-method is-config="true" signature="tearDownClass()[pri:0, instance:com.cucumbertests.TestNGTestRunner@247310d0]" started-at="2024-10-28T10:28:23 IST" name="tearDownClass" finished-at="2024-10-28T10:28:23 IST" duration-ms="35" status="PASS">
          <reporter-output>
          </reporter-output>
        </test-method> <!-- tearDownClass -->
      </class> <!-- com.cucumbertests.TestNGTestRunner -->
    </test> <!-- Default test -->
  </suite> <!-- Default suite -->
</testng-results>
